<?xml version="1.0" encoding="UTF-8"?>
<!-- Generated by org.testng.reporters.JUnitXMLReporter -->
<testsuite ignored="4" hostname="DESKTOP-0BP7HQF" failures="0" tests="14" name="Test" time="267.941" errors="0" timestamp="2023-01-21T15:16:29 IST">
  <testcase classname="Module1_LoginTest.FacebookLoginPageTest" name="IsloginlogoDisplayedTest" time="0.279"/>
  <testcase classname="Module1_LoginTest.FacebookLoginPageTest" name="varifyLoginPageURL" time="0.064"/>
  <testcase classname="Module1_LoginTest.FacebookLoginPageTest" name="verifyLoginPageTitleTest" time="0.222"/>
  <testcase classname="Module1_LoginTest.FacebookTrendTestPage" name="StoryisDispl" time="3.702"/>
  <testcase classname="Module1_LoginTest.FacebookTrendTestPage" name="VarifyText" time="8.198"/>
  <testcase classname="Module1_LoginTest.FacebookTrendTestPage" name="VarifyText2" time="2.429"/>
  <testcase classname="Module1_LoginTest.FacebookHomeTestPage" name="IsDisplayedTest" time="37.07"/>
  <testcase classname="Module1_LoginTest.FacebookHomeTestPage" name="varifyHomePageURL" time="0.051"/>
  <testcase classname="Module1_LoginTest.FacebookHomeTestPage" name="verifyHomePageTitleTest" time="0.04"/>
  <testcase classname="Module1_LoginTest.FacebookBackHomeTest" name="VarifySmalaHome" time="4.837"/>
  <testcase classname="Module1_LoginTest.FacebookBackHomeTest" name="sender" time="10.696"/>
  <testcase classname="Module1_LoginTest.FacebookBackHomeTest" name="confirmFrnd" time="0.257"/>
  <testcase classname="Module1_LoginTest.FacebookTestPage" name="VarifyText" time="4.699"/>
  <testcase classname="Module1_LoginTest.FacebookTestPage" name="VarifySmalaHome" time="3.652"/>
  <testcase classname="LibraryClass.baseClass" name="@BeforeSuite logclode" time="0.0">
    <ignored/>
  </testcase> <!-- @BeforeSuite logclode -->
  <testcase classname="LibraryClass.baseClass" name="@BeforeSuite logclode" time="0.0">
    <ignored/>
  </testcase> <!-- @BeforeSuite logclode -->
  <testcase classname="LibraryClass.baseClass" name="@BeforeSuite logclode" time="0.0">
    <ignored/>
  </testcase> <!-- @BeforeSuite logclode -->
  <testcase classname="LibraryClass.baseClass" name="@BeforeSuite logclode" time="0.0">
    <ignored/>
  </testcase> <!-- @BeforeSuite logclode -->
</testsuite> <!-- Test -->
