<?xml version="1.0" encoding="UTF-8"?>
<testng-results ignored="0" total="2" passed="2" failed="0" skipped="0">
  <reporter-output>
  </reporter-output>
  <suite started-at="2023-04-09T08:33:13 IST" name="Default suite" finished-at="2023-04-09T08:33:39 IST" duration-ms="25595">
    <groups>
    </groups>
    <test started-at="2023-04-09T08:33:13 IST" name="Default test" finished-at="2023-04-09T08:33:39 IST" duration-ms="25595">
      <class name="Module1_LoginTest.FkLoginPageTest">
        <test-method is-config="true" signature="openBrowser()[pri:0, instance:Module1_LoginTest.FkLoginPageTest@7db12bb6]" started-at="2023-04-09T08:33:13 IST" name="openBrowser" finished-at="2023-04-09T08:33:30 IST" duration-ms="16639" status="PASS">
          <reporter-output>
          </reporter-output>
        </test-method> <!-- openBrowser -->
        <test-method signature="IsBackImageDisplay()[pri:0, instance:Module1_LoginTest.FkLoginPageTest@7db12bb6]" started-at="2023-04-09T08:33:30 IST" name="IsBackImageDisplay" finished-at="2023-04-09T08:33:30 IST" duration-ms="368" status="PASS">
          <reporter-output>
          </reporter-output>
        </test-method> <!-- IsBackImageDisplay -->
        <test-method is-config="true" signature="logout(org.testng.ITestResult)[pri:0, instance:Module1_LoginTest.FkLoginPageTest@7db12bb6]" started-at="2023-04-09T08:33:30 IST" name="logout" finished-at="2023-04-09T08:33:31 IST" duration-ms="937" status="PASS">
          <params>
            <param index="0">
              <value>
                <![CDATA[[TestResult name=IsBackImageDisplay status=SUCCESS method=FkLoginPageTest.IsBackImageDisplay()[pri:0, instance:Module1_LoginTest.FkLoginPageTest@7db12bb6] output={null}]]]>
              </value>
            </param>
          </params>
          <reporter-output>
          </reporter-output>
        </test-method> <!-- logout -->
        <test-method signature="IsLogoDisplay()[pri:0, instance:Module1_LoginTest.FkLoginPageTest@7db12bb6]" started-at="2023-04-09T08:33:31 IST" name="IsLogoDisplay" finished-at="2023-04-09T08:33:31 IST" duration-ms="140" status="PASS">
          <reporter-output>
          </reporter-output>
        </test-method> <!-- IsLogoDisplay -->
        <test-method is-config="true" signature="logout(org.testng.ITestResult)[pri:0, instance:Module1_LoginTest.FkLoginPageTest@7db12bb6]" started-at="2023-04-09T08:33:31 IST" name="logout" finished-at="2023-04-09T08:33:32 IST" duration-ms="774" status="PASS">
          <params>
            <param index="0">
              <value>
                <![CDATA[[TestResult name=IsLogoDisplay status=SUCCESS method=FkLoginPageTest.IsLogoDisplay()[pri:0, instance:Module1_LoginTest.FkLoginPageTest@7db12bb6] output={null}]]]>
              </value>
            </param>
          </params>
          <reporter-output>
          </reporter-output>
        </test-method> <!-- logout -->
        <test-method is-config="true" signature="CloseBrowser()[pri:0, instance:Module1_LoginTest.FkLoginPageTest@7db12bb6]" started-at="2023-04-09T08:33:32 IST" name="CloseBrowser" finished-at="2023-04-09T08:33:39 IST" duration-ms="6657" status="PASS">
          <reporter-output>
          </reporter-output>
        </test-method> <!-- CloseBrowser -->
      </class> <!-- Module1_LoginTest.FkLoginPageTest -->
    </test> <!-- Default test -->
  </suite> <!-- Default suite -->
</testng-results>
