<?xml version="1.0" encoding="UTF-8"?>
<!-- Generated by org.testng.reporters.JUnitXMLReporter -->
<testsuite ignored="0" hostname="DESKTOP-0BP7HQF" failures="0" tests="3" name="Test" time="209.636" errors="0" timestamp="2022-12-31T11:30:02 IST">
  <testcase classname="Module1_LoginTest.FacebookTestPage" name="VarifyText2" time="11.872"/>
  <testcase classname="Module1_LoginTest.FacebookTestPage2" name="VarifyText2" time="4.04"/>
  <testcase classname="Module1_LoginTest.FacebookTestPage3" name="isDispl" time="24.947"/>
</testsuite> <!-- Test -->
